<?xml version="1.0" encoding="UTF-8"?>
<testng-results ignored="0" total="1" passed="1" failed="0" skipped="0">
  <reporter-output>
  </reporter-output>
  <suite started-at="2025-09-19T18:58:06 IST" name="AutomationSuite" finished-at="2025-09-19T18:58:42 IST" duration-ms="36131">
    <groups>
    </groups>
    <test started-at="2025-09-19T18:58:06 IST" name="GoogleTest" finished-at="2025-09-19T18:58:42 IST" duration-ms="36131">
      <class name="com.example.automation.LoginTest">
        <test-method signature="LoginForm()[pri:0, instance:com.example.automation.LoginTest@1df82230]" started-at="2025-09-19T18:58:06 IST" name="LoginForm" finished-at="2025-09-19T18:58:42 IST" duration-ms="36111" status="PASS">
          <reporter-output>
          </reporter-output>
        </test-method> <!-- LoginForm -->
      </class> <!-- com.example.automation.LoginTest -->
    </test> <!-- GoogleTest -->
  </suite> <!-- AutomationSuite -->
</testng-results>
